TN:
SF:index.js
FN:1,(anonymous_0)
FN:3,(anonymous_1)
FNF:2
FNH:2
FNDA:1,(anonymous_0)
FNDA:1,(anonymous_1)
DA:1,1
DA:3,1
LF:2
LH:2
BRF:0
BRH:0
end_of_record
TN:
SF:carrinho/carrinho.js
FN:2,(anonymous_0)
FN:9,(anonymous_1)
FN:13,(anonymous_2)
FN:17,(anonymous_3)
FN:18,(anonymous_4)
FN:22,(anonymous_5)
FNF:6
FNH:3
FNDA:4,(anonymous_0)
FNDA:2,(anonymous_1)
FNDA:0,(anonymous_2)
FNDA:0,(anonymous_3)
FNDA:0,(anonymous_4)
FNDA:1,(anonymous_5)
DA:3,4
DA:4,4
DA:5,4
DA:6,4
DA:10,2
DA:14,0
DA:18,0
DA:19,0
DA:23,1
DA:24,1
DA:27,0
DA:29,0
LF:12
LH:7
BRDA:23,0,0,1
BRDA:23,0,1,0
BRF:2
BRH:1
end_of_record
TN:
SF:carrinho/item.js
FN:2,(anonymous_0)
FN:8,(anonymous_1)
FNF:2
FNH:2
FNDA:4,(anonymous_0)
FNDA:1,(anonymous_1)
DA:3,4
DA:4,4
DA:5,4
DA:9,1
LF:4
LH:4
BRF:0
BRH:0
end_of_record
